<?xml version="1.0" encoding="UTF-8"?>
<!-- Generated by org.testng.reporters.JUnitReportReporter -->
<testsuite skipped="0" hostname="lukes-PC" name="common.tests.GoogleHomeTest" tests="1" failures="0" timestamp="03 Nov 2018 17:01:07 GMT" time="1.824" errors="0">
  <testcase name="testSearchClickingSearchOnGoogle" time="1.824" classname="common.tests.GoogleHomeTest"/>
</testsuite> <!-- common.tests.GoogleHomeTest -->
