<?xml version="1.0" encoding="UTF-8"?>
<!-- Generated by org.testng.reporters.JUnitReportReporter -->
<testsuite skipped="0" hostname="DESKTOP-4C7O5I6" name="common.tests.GoogleHomeTest" tests="1" failures="0" timestamp="21 Nov 2018 11:40:53 GMT" time="2.458" errors="0">
  <testcase name="testSearchClickingSearchOnGoogle" time="2.458" classname="common.tests.GoogleHomeTest"/>
</testsuite> <!-- common.tests.GoogleHomeTest -->
