<?xml version="1.0" encoding="UTF-8"?>
<!-- Generated by org.testng.reporters.JUnitReportReporter -->
<testsuite skipped="0" hostname="DESKTOP-4C7O5I6" name="test.java.GoogleHomeTest" tests="1" failures="0" timestamp="21 Nov 2018 15:47:07 GMT" time="1.869" errors="0">
  <testcase name="testSearchClickingSearchOnGoogle" time="1.869" classname="test.java.GoogleHomeTest"/>
</testsuite> <!-- test.java.GoogleHomeTest -->
